<?xml version="1.0" encoding="UTF-8"?>
<!-- Generated by org.testng.reporters.JUnitReportReporter -->
<testsuite hostname="DESKTOP-ET07LB4" failures="0" tests="1" name="Com.hrms.testscripts.TC_002" time="7.222" errors="0" timestamp="2023-11-09T14:32:02 IST" skipped="0">
  <testcase classname="Com.hrms.testscripts.TC_002" name="TC_002" time="7.222"/>
  <system-out/>
</testsuite> <!-- Com.hrms.testscripts.TC_002 -->
