<?xml version="1.0" encoding="UTF-8"?>
<!-- Generated by org.testng.reporters.JUnitReportReporter -->
<testsuite hostname="DESKTOP-ET07LB4" failures="0" tests="2" name="TestNg_Examples.Login" time="0.015" errors="0" timestamp="2023-11-05T14:40:50 IST" skipped="0">
  <testcase classname="TestNg_Examples.Login" name="logout" time="0.002"/>
  <system-out/>
  <testcase classname="TestNg_Examples.Login" name="login" time="0.013"/>
  <system-out/>
</testsuite> <!-- TestNg_Examples.Login -->
