<?xml version="1.0" encoding="UTF-8"?>
<!-- Generated by org.testng.reporters.JUnitReportReporter -->
<testsuite hostname="DESKTOP-ET07LB4" failures="0" tests="3" name="TestNg_Examples.Priority" time="0.026" errors="0" timestamp="2023-11-05T15:26:15 IST" skipped="0">
  <testcase classname="TestNg_Examples.Priority" name="addemp" time="0.009"/>
  <system-out/>
  <testcase classname="TestNg_Examples.Priority" name="newemp" time="0.007"/>
  <system-out/>
  <testcase classname="TestNg_Examples.Priority" name="ended" time="0.010"/>
  <system-out/>
</testsuite> <!-- TestNg_Examples.Priority -->
