<?xml version="1.0" encoding="UTF-8"?>
<!-- Generated by org.testng.reporters.JUnitReportReporter -->
<testsuite hostname="DESKTOP-ET07LB4" failures="0" tests="2" name="TestNg_Examples.BeforeAfter" time="0.010" errors="0" timestamp="2023-11-05T15:08:03 IST" skipped="0">
  <testcase classname="TestNg_Examples.BeforeAfter" name="Addemp" time="0.008"/>
  <system-out/>
  <testcase classname="TestNg_Examples.BeforeAfter" name="delemp" time="0.002"/>
  <system-out>
    <![CDATA[deleted]]>
  </system-out>
</testsuite> <!-- TestNg_Examples.BeforeAfter -->
